<?xml version="1.0" encoding="UTF-8"?>
<!-- Generated by org.testng.reporters.JUnitReportReporter -->
<testsuite skipped="0" hostname="DESKTOP-FQJ8T38" name="TestCases.SearchFlights" tests="1" failures="0" timestamp="14 Apr 2021 05:14:51 GMT" time="64.491" errors="0">
  <testcase name="searchFlights" time="64.491" classname="TestCases.SearchFlights"/>
</testsuite> <!-- TestCases.SearchFlights -->
